# JRE version: Java(TM) SE Runtime Environment (17.0.12+8) (build 17.0.12+8-LTS-286)
# Java VM: Java HotSpot(TM) 64-Bit Server VM (17.0.12+8-LTS-286, mixed mode, sharing, tiered, compressed oops, compressed class ptrs, g1 gc, windows-amd64)
GC Precious Log:
 CPUs: 12 total, 12 available
 Memory: 7875M
 Large Page Support: Disabled
 NUMA Support: Disabled
 Compressed Oops: Enabled (32-bit)
 Heap Region Size: 1M
 Heap Min Capacity: 8M
 Heap Initial Capacity: 124M
 Heap Max Capacity: 1970M
 Pre-touch: Disabled
 Parallel Workers: 10
 Concurrent Workers: 3
 Concurrent Refinement Workers: 10
 Periodic GC: Disabled
Heap:
 garbage-first heap   total 153600K, used 99442K [0x0000000084e00000, 0x0000000100000000)
  region size 1024K, 40 young (40960K), 4 survivors (4096K)
 Metaspace       used 33532K, committed 33920K, reserved 1114112K
  class space    used 3762K, committed 3904K, reserved 1048576K
GC Heap History (20 events):
Event: 73.691 GC heap before
{Heap before GC invocations=10 (full 0):
 garbage-first heap   total 89088K, used 64000K [0x0000000084e00000, 0x0000000100000000)
  region size 1024K, 28 young (28672K), 4 survivors (4096K)
 Metaspace       used 28426K, committed 28736K, reserved 1114112K
  class space    used 3272K, committed 3392K, reserved 1048576K
}
Event: 73.718 GC heap after
{Heap after GC invocations=11 (full 0):
 garbage-first heap   total 89088K, used 41546K [0x0000000084e00000, 0x0000000100000000)
  region size 1024K, 1 young (1024K), 1 survivors (1024K)
 Metaspace       used 28426K, committed 28736K, reserved 1114112K
  class space    used 3272K, committed 3392K, reserved 1048576K
}
Event: 73.891 GC heap before
{Heap before GC invocations=11 (full 0):
 garbage-first heap   total 89088K, used 44618K [0x0000000084e00000, 0x0000000100000000)
  region size 1024K, 4 young (4096K), 1 survivors (1024K)
 Metaspace       used 28472K, committed 28800K, reserved 1114112K
  class space    used 3275K, committed 3456K, reserved 1048576K
}
Event: 73.903 GC heap after
{Heap after GC invocations=12 (full 0):
 garbage-first heap   total 89088K, used 41391K [0x0000000084e00000, 0x0000000100000000)
  region size 1024K, 1 young (1024K), 1 survivors (1024K)
 Metaspace       used 28472K, committed 28800K, reserved 1114112K
  class space    used 3275K, committed 3456K, reserved 1048576K
}
Event: 75.423 GC heap before
{Heap before GC invocations=12 (full 0):
 garbage-first heap   total 89088K, used 66991K [0x0000000084e00000, 0x0000000100000000)
  region size 1024K, 26 young (26624K), 1 survivors (1024K)
 Metaspace       used 28640K, committed 28992K, reserved 1114112K
  class space    used 3278K, committed 3456K, reserved 1048576K
}
Event: 75.437 GC heap after
{Heap after GC invocations=13 (full 0):
 garbage-first heap   total 89088K, used 42136K [0x0000000084e00000, 0x0000000100000000)
  region size 1024K, 2 young (2048K), 2 survivors (2048K)
 Metaspace       used 28640K, committed 28992K, reserved 1114112K
  class space    used 3278K, committed 3456K, reserved 1048576K
}
Event: 78.288 GC heap before
{Heap before GC invocations=14 (full 0):
 garbage-first heap   total 89088K, used 68760K [0x0000000084e00000, 0x0000000100000000)
  region size 1024K, 28 young (28672K), 2 survivors (2048K)
 Metaspace       used 28833K, committed 29184K, reserved 1114112K
  class space    used 3279K, committed 3456K, reserved 1048576K
}
Event: 78.300 GC heap after
{Heap after GC invocations=15 (full 0):
 garbage-first heap   total 89088K, used 41707K [0x0000000084e00000, 0x0000000100000000)
  region size 1024K, 1 young (1024K), 1 survivors (1024K)
 Metaspace       used 28833K, committed 29184K, reserved 1114112K
  class space    used 3279K, committed 3456K, reserved 1048576K
}
Event: 85.805 GC heap before
{Heap before GC invocations=15 (full 0):
 garbage-first heap   total 89088K, used 70379K [0x0000000084e00000, 0x0000000100000000)
  region size 1024K, 29 young (29696K), 1 survivors (1024K)
 Metaspace       used 31058K, committed 31360K, reserved 1114112K
  class space    used 3532K, committed 3712K, reserved 1048576K
}
Event: 85.830 GC heap after
{Heap after GC invocations=16 (full 0):
 garbage-first heap   total 89088K, used 43656K [0x0000000084e00000, 0x0000000100000000)
  region size 1024K, 3 young (3072K), 3 survivors (3072K)
 Metaspace       used 31058K, committed 31360K, reserved 1114112K
  class space    used 3532K, committed 3712K, reserved 1048576K
}
Event: 93.261 GC heap before
{Heap before GC invocations=17 (full 0):
 garbage-first heap   total 89088K, used 62088K [0x0000000084e00000, 0x0000000100000000)
  region size 1024K, 23 young (23552K), 3 survivors (3072K)
 Metaspace       used 31344K, committed 31680K, reserved 1114112K
  class space    used 3544K, committed 3712K, reserved 1048576K
}
Event: 93.310 GC heap after
{Heap after GC invocations=18 (full 0):
 garbage-first heap   total 89088K, used 44762K [0x0000000084e00000, 0x0000000100000000)
  region size 1024K, 2 young (2048K), 2 survivors (2048K)
 Metaspace       used 31344K, committed 31680K, reserved 1114112K
  class space    used 3544K, committed 3712K, reserved 1048576K
}
Event: 97.365 GC heap before
{Heap before GC invocations=19 (full 0):
 garbage-first heap   total 89088K, used 72410K [0x0000000084e00000, 0x0000000100000000)
  region size 1024K, 28 young (28672K), 2 survivors (2048K)
 Metaspace       used 31401K, committed 31744K, reserved 1114112K
  class space    used 3544K, committed 3712K, reserved 1048576K
}
Event: 97.485 GC heap after
{Heap after GC invocations=20 (full 0):
 garbage-first heap   total 89088K, used 56837K [0x0000000084e00000, 0x0000000100000000)
  region size 1024K, 4 young (4096K), 4 survivors (4096K)
 Metaspace       used 31401K, committed 31744K, reserved 1114112K
  class space    used 3544K, committed 3712K, reserved 1048576K
}
Event: 97.668 GC heap before
{Heap before GC invocations=20 (full 0):
 garbage-first heap   total 89088K, used 57861K [0x0000000084e00000, 0x0000000100000000)
  region size 1024K, 5 young (5120K), 4 survivors (4096K)
 Metaspace       used 31401K, committed 31744K, reserved 1114112K
  class space    used 3544K, committed 3712K, reserved 1048576K
}
Event: 97.709 GC heap after
{Heap after GC invocations=21 (full 0):
 garbage-first heap   total 153600K, used 52821K [0x0000000084e00000, 0x0000000100000000)
  region size 1024K, 1 young (1024K), 1 survivors (1024K)
 Metaspace       used 31401K, committed 31744K, reserved 1114112K
  class space    used 3544K, committed 3712K, reserved 1048576K
}
Event: 108.696 GC heap before
{Heap before GC invocations=21 (full 0):
 garbage-first heap   total 153600K, used 96853K [0x0000000084e00000, 0x0000000100000000)
  region size 1024K, 45 young (46080K), 1 survivors (1024K)
 Metaspace       used 32581K, committed 32960K, reserved 1114112K
  class space    used 3684K, committed 3840K, reserved 1048576K
}
Event: 108.738 GC heap after
{Heap after GC invocations=22 (full 0):
 garbage-first heap   total 153600K, used 59392K [0x0000000084e00000, 0x0000000100000000)
  region size 1024K, 6 young (6144K), 6 survivors (6144K)
 Metaspace       used 32581K, committed 32960K, reserved 1114112K
  class space    used 3684K, committed 3840K, reserved 1048576K
}
Event: 115.109 GC heap before
{Heap before GC invocations=22 (full 0):
 garbage-first heap   total 153600K, used 103424K [0x0000000084e00000, 0x0000000100000000)
  region size 1024K, 49 young (50176K), 6 survivors (6144K)
 Metaspace       used 32996K, committed 33408K, reserved 1114112K
  class space    used 3718K, committed 3904K, reserved 1048576K
}
Event: 115.157 GC heap after
{Heap after GC invocations=23 (full 0):
 garbage-first heap   total 153600K, used 63602K [0x0000000084e00000, 0x0000000100000000)
  region size 1024K, 4 young (4096K), 4 survivors (4096K)
 Metaspace       used 32996K, committed 33408K, reserved 1114112K
  class space    used 3718K, committed 3904K, reserved 1048576K
}

